<?xml version="1.0" encoding="UTF-8"?>
<!-- Generated by org.testng.reporters.JUnitXMLReporter -->
<testsuite hostname="PankajKumar-HP" ignored="1" name="login_Test" tests="1" failures="0" timestamp="13 Jun 2020 18:58:24 GMT" time="10.299" errors="0">
  <testcase name="validcred" time="1.1" classname="com.TestScript.Login.Login_script"/>
  <testcase name="invaidcredential" time="0.0" classname="com.TestScript.Login.Login_script">
    <ignored/>
  </testcase> <!-- invaidcredential -->
</testsuite> <!-- login_Test -->
