<?xml version="1.0" encoding="UTF-8"?>
<testng-results skipped="0" failed="0" ignored="0" total="2" passed="2">
  <reporter-output>
  </reporter-output>
  <suite name="Default suite" duration-ms="17572" started-at="2020-06-13T19:07:02Z" finished-at="2020-06-13T19:07:19Z">
    <groups>
    </groups>
    <test name="Default test" duration-ms="17572" started-at="2020-06-13T19:07:02Z" finished-at="2020-06-13T19:07:19Z">
      <class name="com.TestScript.Login.Home_Script">
        <test-method status="PASS" signature="launchbr()[pri:0, instance:com.TestScript.Login.Home_Script@50a7bc6e]" name="launchbr" is-config="true" duration-ms="7943" started-at="2020-06-13T19:07:02Z" finished-at="2020-06-13T19:07:10Z">
          <reporter-output>
          </reporter-output>
        </test-method> <!-- launchbr -->
        <test-method status="PASS" signature="setup()[pri:0, instance:com.TestScript.Login.Home_Script@50a7bc6e]" name="setup" is-config="true" duration-ms="51" started-at="2020-06-13T19:07:10Z" depends-on-methods="com.tekarch.utility.TestBase.launchbr" finished-at="2020-06-13T19:07:10Z">
          <reporter-output>
          </reporter-output>
        </test-method> <!-- setup -->
        <test-method status="PASS" signature="setCredentials()[pri:1, instance:com.TestScript.Login.Home_Script@50a7bc6e]" name="setCredentials" duration-ms="2943" started-at="2020-06-13T19:07:10Z" finished-at="2020-06-13T19:07:13Z">
          <reporter-output>
          </reporter-output>
        </test-method> <!-- setCredentials -->
        <test-method status="PASS" signature="homepage()[pri:3, instance:com.TestScript.Login.Home_Script@50a7bc6e]" name="homepage" duration-ms="5458" started-at="2020-06-13T19:07:13Z" finished-at="2020-06-13T19:07:18Z">
          <reporter-output>
          </reporter-output>
        </test-method> <!-- homepage -->
        <test-method status="PASS" signature="quit()[pri:0, instance:com.TestScript.Login.Home_Script@50a7bc6e]" name="quit" is-config="true" duration-ms="1119" started-at="2020-06-13T19:07:18Z" finished-at="2020-06-13T19:07:19Z">
          <reporter-output>
          </reporter-output>
        </test-method> <!-- quit -->
      </class> <!-- com.TestScript.Login.Home_Script -->
    </test> <!-- Default test -->
  </suite> <!-- Default suite -->
</testng-results>
